<?xml version="1.0" encoding="UTF-8"?>
<!-- Generated by org.testng.reporters.JUnitReportReporter -->
<testsuite hostname="vkLaptop" failures="0" tests="1" name="tests.EbayCartTest" time="21.764" errors="0" timestamp="2025-02-03T23:37:42 IST" skipped="0">
  <testcase classname="tests.EbayCartTest" name="testAddItemToCart" time="21.764"/>
  <system-out/>
</testsuite> <!-- tests.EbayCartTest -->
