<?xml version="1.0" encoding="UTF-8"?>
<!-- Generated by org.testng.reporters.JUnitReportReporter -->
<testsuite hostname="vkLaptop" failures="0" tests="1" name="tests.CoinDeskAPITest" time="3.067" errors="0" timestamp="2025-02-03T23:37:59 IST" skipped="0">
  <testcase classname="tests.CoinDeskAPITest" name="validateBPI" time="3.067"/>
  <system-out/>
</testsuite> <!-- tests.CoinDeskAPITest -->
